<?xml version="1.0" encoding="UTF-8"?>
<testsuite xmlns:xsi="http://www.w3.org/2001/XMLSchema-instance" xsi:noNamespaceSchemaLocation="https://maven.apache.org/surefire/maven-surefire-plugin/xsd/surefire-test-report.xsd" name="com.example.CalculatorTest" time="0" tests="3" errors="0" skipped="0" failures="1">
  <properties>
    <property name="java.specification.version" value="17"/>
    <property name="sun.jnu.encoding" value="UTF-8"/>
    <property name="java.class.path" value="/Users/michellehung/bootcamp/bc2412/demo-junit/target/test-classes:/Users/michellehung/bootcamp/bc2412/demo-junit/target/classes:/Users/michellehung/.m2/repository/org/junit/jupiter/junit-jupiter-engine/5.10.0/junit-jupiter-engine-5.10.0.jar:/Users/michellehung/.m2/repository/org/junit/platform/junit-platform-engine/1.10.0/junit-platform-engine-1.10.0.jar:/Users/michellehung/.m2/repository/org/opentest4j/opentest4j/1.3.0/opentest4j-1.3.0.jar:/Users/michellehung/.m2/repository/org/junit/platform/junit-platform-commons/1.10.0/junit-platform-commons-1.10.0.jar:/Users/michellehung/.m2/repository/org/junit/jupiter/junit-jupiter-api/5.10.0/junit-jupiter-api-5.10.0.jar:/Users/michellehung/.m2/repository/org/apiguardian/apiguardian-api/1.1.2/apiguardian-api-1.1.2.jar:/Users/michellehung/.m2/repository/org/projectlombok/lombok/1.18.30/lombok-1.18.30.jar:"/>
    <property name="java.vm.vendor" value="Azul Systems, Inc."/>
    <property name="sun.arch.data.model" value="64"/>
    <property name="java.vendor.url" value="http://www.azul.com/"/>
    <property name="os.name" value="Mac OS X"/>
    <property name="java.vm.specification.version" value="17"/>
    <property name="sun.java.launcher" value="SUN_STANDARD"/>
    <property name="user.country" value="US"/>
    <property name="sun.boot.library.path" value="/Library/Java/JavaVirtualMachines/zulu-17.jdk/Contents/Home/lib"/>
    <property name="sun.java.command" value="/Users/michellehung/bootcamp/bc2412/demo-junit/target/surefire/surefirebooter1617468528292099703.jar /Users/michellehung/bootcamp/bc2412/demo-junit/target/surefire 2025-02-03T17-27-05_846-jvmRun1 surefire11169685660227533287tmp surefire_04600241433896058184tmp"/>
    <property name="http.nonProxyHosts" value="local|*.local|169.254/16|*.169.254/16"/>
    <property name="jdk.debug" value="release"/>
    <property name="surefire.test.class.path" value="/Users/michellehung/bootcamp/bc2412/demo-junit/target/test-classes:/Users/michellehung/bootcamp/bc2412/demo-junit/target/classes:/Users/michellehung/.m2/repository/org/junit/jupiter/junit-jupiter-engine/5.10.0/junit-jupiter-engine-5.10.0.jar:/Users/michellehung/.m2/repository/org/junit/platform/junit-platform-engine/1.10.0/junit-platform-engine-1.10.0.jar:/Users/michellehung/.m2/repository/org/opentest4j/opentest4j/1.3.0/opentest4j-1.3.0.jar:/Users/michellehung/.m2/repository/org/junit/platform/junit-platform-commons/1.10.0/junit-platform-commons-1.10.0.jar:/Users/michellehung/.m2/repository/org/junit/jupiter/junit-jupiter-api/5.10.0/junit-jupiter-api-5.10.0.jar:/Users/michellehung/.m2/repository/org/apiguardian/apiguardian-api/1.1.2/apiguardian-api-1.1.2.jar:/Users/michellehung/.m2/repository/org/projectlombok/lombok/1.18.30/lombok-1.18.30.jar:"/>
    <property name="sun.cpu.endian" value="little"/>
    <property name="user.home" value="/Users/michellehung"/>
    <property name="user.language" value="en"/>
    <property name="java.specification.vendor" value="Oracle Corporation"/>
    <property name="java.version.date" value="2024-10-15"/>
    <property name="java.home" value="/Library/Java/JavaVirtualMachines/zulu-17.jdk/Contents/Home"/>
    <property name="file.separator" value="/"/>
    <property name="basedir" value="/Users/michellehung/bootcamp/bc2412/demo-junit"/>
    <property name="java.vm.compressedOopsMode" value="Zero based"/>
    <property name="line.separator" value="&#10;"/>
    <property name="java.specification.name" value="Java Platform API Specification"/>
    <property name="java.vm.specification.vendor" value="Oracle Corporation"/>
    <property name="surefire.real.class.path" value="/Users/michellehung/bootcamp/bc2412/demo-junit/target/surefire/surefirebooter1617468528292099703.jar"/>
    <property name="sun.management.compiler" value="HotSpot 64-Bit Tiered Compilers"/>
    <property name="ftp.nonProxyHosts" value="local|*.local|169.254/16|*.169.254/16"/>
    <property name="java.runtime.version" value="17.0.13+11-LTS"/>
    <property name="user.name" value="michellehung"/>
    <property name="path.separator" value=":"/>
    <property name="os.version" value="14.6"/>
    <property name="java.runtime.name" value="OpenJDK Runtime Environment"/>
    <property name="file.encoding" value="UTF-8"/>
    <property name="java.vm.name" value="OpenJDK 64-Bit Server VM"/>
    <property name="java.vendor.version" value="Zulu17.54+21-CA"/>
    <property name="localRepository" value="/Users/michellehung/.m2/repository"/>
    <property name="java.vendor.url.bug" value="http://www.azul.com/support/"/>
    <property name="java.io.tmpdir" value="/var/folders/6z/ly8_h9b50193qjssd3r93jbw0000gn/T/"/>
    <property name="java.version" value="17.0.13"/>
    <property name="user.dir" value="/Users/michellehung/bootcamp/bc2412/demo-junit"/>
    <property name="os.arch" value="aarch64"/>
    <property name="java.vm.specification.name" value="Java Virtual Machine Specification"/>
    <property name="native.encoding" value="UTF-8"/>
    <property name="java.library.path" value="/Users/michellehung/Library/Java/Extensions:/Library/Java/Extensions:/Network/Library/Java/Extensions:/System/Library/Java/Extensions:/usr/lib/java:."/>
    <property name="java.vm.info" value="mixed mode, sharing"/>
    <property name="java.vendor" value="Azul Systems, Inc."/>
    <property name="java.vm.version" value="17.0.13+11-LTS"/>
    <property name="java.specification.maintenance.version" value="1"/>
    <property name="sun.io.unicode.encoding" value="UnicodeBig"/>
    <property name="socksNonProxyHosts" value="local|*.local|169.254/16|*.169.254/16"/>
    <property name="java.class.version" value="61.0"/>
  </properties>
  <testcase name="testSum" classname="com.example.CalculatorTest" time="0"/>
  <testcase name="testSum2" classname="com.example.CalculatorTest" time="0">
    <failure message="expected: &lt;-5&gt; but was: &lt;-4&gt;" type="org.opentest4j.AssertionFailedError"><![CDATA[org.opentest4j.AssertionFailedError: expected: <-5> but was: <-4>
	at com.example.CalculatorTest.testSum2(CalculatorTest.java:35)
]]></failure>
  </testcase>
  <testcase name="testMethodB" classname="com.example.CalculatorTest" time="0"/>
</testsuite>